{
  "RSpec": {
    "coverage": {
      "/Volumes/Data/Developer/_rails/api/datalab-api/spec/controllers/base_controller_spec.rb": [
        null,
        null,
        null,
        null,
        null,
        null,
        null,
        null,
        null,
        null,
        null,
        null,
        null,
        null
      ],
      "/Volumes/Data/Developer/_rails/api/datalab-api/spec/controllers/v1/base_controller_spec.rb": [
        null,
        null,
        null,
        null,
        null,
        null,
        null,
        null,
        null,
        null,
        null,
        null,
        null,
        null,
        null,
        null,
        null,
        null,
        null,
        null,
        null,
        null,
        null,
        null,
        null,
        null,
        null,
        null,
        null,
        null,
        null,
        null,
        null,
        null,
        null,
        null,
        null,
        null
      ],
      "/Volumes/Data/Developer/_rails/api/datalab-api/spec/controllers/v1/companies_controller_spec.rb": [
        1,
        null,
        1,
        null,
        1,
        null,
        1,
        5,
        null,
        null,
        2,
        2,
        2,
        2,
        2,
        null,
        null,
        null,
        1,
        null,
        1,
        5,
        null,
        null,
        1,
        0,
        null,
        null,
        1,
        1,
        1,
        null,
        null,
        1,
        1,
        1,
        null,
        null,
        1,
        1,
        1,
        null,
        null,
        null,
        null,
        null,
        null,
        null,
        null,
        null,
        1,
        1,
        1,
        null,
        null,
        1,
        1,
        1,
        null,
        null,
        null,
        null,
        null,
        null,
        null,
        null
      ],
      "/Volumes/Data/Developer/_rails/api/datalab-api/spec/rails_helper.rb": [
        null,
        1,
        1,
        1,
        1,
        null,
        null,
        null,
        null,
        null,
        null,
        null,
        null,
        null,
        null,
        null,
        null,
        null,
        null,
        null,
        null,
        null,
        null,
        null,
        null,
        1,
        null,
        null,
        1,
        1,
        1,
        1,
        1,
        null,
        null,
        1,
        55,
        55,
        null,
        null,
        null,
        null,
        null,
        null,
        null,
        null,
        null,
        null,
        null,
        null,
        null,
        null,
        null,
        null,
        null,
        null,
        null,
        1,
        null,
        null,
        1,
        1,
        1,
        1,
        null,
        null
      ],
      "/Volumes/Data/Developer/_rails/api/datalab-api/config/environment.rb": [
        null,
        1,
        null,
        null,
        1
      ],
      "/Volumes/Data/Developer/_rails/api/datalab-api/config/application.rb": [
        1,
        null,
        1,
        null,
        null,
        1,
        null,
        1,
        1,
        null,
        null,
        null,
        null,
        null,
        null,
        null,
        null,
        null,
        null,
        null,
        null,
        null
      ],
      "/Volumes/Data/Developer/_rails/api/datalab-api/config/boot.rb": [
        1,
        null,
        1
      ],
      "/Volumes/Data/Developer/_rails/api/datalab-api/config/environments/test.rb": [
        1,
        null,
        null,
        null,
        null,
        null,
        null,
        1,
        null,
        null,
        null,
        null,
        1,
        null,
        null,
        1,
        1,
        null,
        null,
        1,
        1,
        null,
        null,
        1,
        null,
        null,
        1,
        null,
        null,
        null,
        null,
        1,
        null,
        null,
        1,
        null,
        null,
        1,
        null,
        null,
        null,
        null
      ],
      "/Volumes/Data/Developer/_rails/api/datalab-api/config/initializers/filter_parameter_logging.rb": [
        null,
        null,
        null,
        1
      ],
      "/Volumes/Data/Developer/_rails/api/datalab-api/config/initializers/secret_token.rb": [
        null,
        null,
        null,
        null,
        null,
        null,
        null,
        null,
        null,
        null,
        null,
        null,
        null,
        null,
        null,
        null,
        null,
        null,
        1
      ],
      "/Volumes/Data/Developer/_rails/api/datalab-api/config/initializers/time_with_zone.rb": [
        1,
        null,
        null,
        null,
        null,
        null,
        null,
        null,
        null,
        null,
        1,
        0,
        null,
        null,
        null
      ],
      "/Volumes/Data/Developer/_rails/api/datalab-api/config/initializers/wrap_parameters.rb": [
        null,
        null,
        null,
        null,
        null,
        null,
        null,
        null,
        null
      ],
      "/Volumes/Data/Developer/_rails/api/datalab-api/spec/factories/companies.rb": [
        1,
        null,
        1,
        1,
        1,
        1,
        1,
        null,
        null,
        null
      ],
      "/Volumes/Data/Developer/_rails/api/datalab-api/spec/factories/projects.rb": [
        1,
        null,
        1,
        1,
        null,
        null,
        null
      ],
      "/Volumes/Data/Developer/_rails/api/datalab-api/config/routes.rb": [
        1,
        null,
        1,
        1,
        null,
        null,
        1,
        null,
        1,
        null,
        null,
        null,
        null,
        null,
        1,
        1,
        null,
        null,
        null,
        null,
        null
      ],
      "/Volumes/Data/Developer/_rails/api/datalab-api/lib/api_constraints.rb": [
        1,
        null,
        1,
        1,
        1,
        null,
        null,
        1,
        0,
        null,
        null,
        null,
        null
      ],
      "/Volumes/Data/Developer/_rails/api/datalab-api/app/helpers/api/v1/responce_helper.rb": [
        1,
        null,
        1,
        1,
        null,
        null,
        1,
        6,
        null,
        null,
        1,
        1,
        null,
        null,
        1,
        6,
        null,
        null,
        null
      ],
      "/Volumes/Data/Developer/_rails/api/datalab-api/app/helpers/application_helper.rb": [
        1,
        null
      ],
      "/Volumes/Data/Developer/_rails/api/datalab-api/app/controllers/api/v1/companies_controller.rb": [
        1,
        1,
        null,
        1,
        null,
        1,
        null,
        null,
        1,
        1,
        1,
        null,
        null,
        null,
        null,
        1,
        2,
        2,
        null,
        0,
        null,
        null,
        null,
        null,
        1,
        1,
        1,
        1,
        null,
        0,
        null,
        null,
        null,
        null,
        1,
        0,
        0,
        0,
        null,
        0,
        null,
        null,
        null,
        null,
        1,
        1,
        1,
        1,
        null,
        0,
        null,
        null,
        0,
        null,
        null,
        null,
        null,
        1,
        null,
        1,
        1,
        null,
        null,
        null,
        1,
        3,
        null,
        null,
        null,
        null,
        null,
        null,
        null,
        null
      ],
      "/Volumes/Data/Developer/_rails/api/datalab-api/app/controllers/application_controller.rb": [
        1,
        1,
        null
      ],
      "/Volumes/Data/Developer/_rails/api/datalab-api/spec/controllers/v1/projects_controller_spec.rb": [
        1,
        null,
        1,
        null,
        1,
        null,
        1,
        5,
        null,
        null,
        2,
        2,
        2,
        2,
        2,
        null,
        null,
        null,
        1,
        null,
        1,
        5,
        5,
        5,
        null,
        null,
        1,
        0,
        null,
        null,
        1,
        1,
        1,
        1,
        null,
        null,
        null,
        1,
        1,
        1,
        1,
        1,
        null,
        null,
        1,
        1,
        1,
        null,
        null,
        null,
        null,
        null,
        1,
        1,
        1,
        null,
        null,
        1,
        1,
        1,
        null,
        null,
        null,
        null,
        null,
        null,
        null
      ],
      "/Volumes/Data/Developer/_rails/api/datalab-api/app/controllers/api/v1/projects_controller.rb": [
        1,
        1,
        null,
        1,
        null,
        1,
        null,
        null,
        1,
        1,
        1,
        null,
        null,
        null,
        1,
        1,
        1,
        null,
        0,
        null,
        null,
        null,
        null,
        1,
        2,
        2,
        1,
        null,
        1,
        null,
        null,
        null,
        null,
        1,
        0,
        0,
        0,
        null,
        0,
        null,
        null,
        null,
        null,
        1,
        1,
        1,
        1,
        null,
        0,
        null,
        null,
        0,
        null,
        null,
        null,
        null,
        1,
        null,
        1,
        2,
        null,
        null,
        null,
        1,
        2,
        null,
        null,
        null,
        null,
        null,
        null
      ],
      "/Volumes/Data/Developer/_rails/api/datalab-api/spec/lib/timecode_spec.rb": [
        1,
        null,
        1,
        null,
        1,
        2,
        2,
        null,
        null,
        1,
        null,
        4,
        null,
        null,
        1,
        1,
        null,
        null,
        1,
        1,
        null,
        null,
        1,
        1,
        null,
        null,
        null,
        null,
        1,
        null,
        4,
        null,
        1,
        1,
        null,
        null,
        1,
        1,
        null,
        null,
        1,
        1,
        null,
        null,
        null,
        null,
        1,
        null,
        3,
        null,
        1,
        1,
        1,
        1,
        null,
        null,
        1,
        1,
        1,
        null,
        null,
        1,
        1,
        null,
        null,
        1,
        1,
        null,
        null,
        1,
        1,
        null,
        null,
        1,
        1,
        null,
        null,
        1,
        1,
        null,
        null,
        1,
        1,
        null,
        null,
        1,
        1,
        null,
        null,
        1,
        1,
        null,
        null,
        null,
        null,
        null,
        null,
        null,
        null,
        null,
        null,
        null,
        null,
        null,
        null
      ],
      "/Volumes/Data/Developer/_rails/api/datalab-api/lib/timecode.rb": [
        1,
        null,
        1,
        5,
        4,
        null,
        4,
        4,
        null,
        null,
        4,
        4,
        4,
        4,
        4,
        4,
        null,
        null,
        null,
        null,
        1,
        null,
        1,
        null,
        1,
        1,
        null,
        null,
        1,
        1,
        null,
        null,
        1,
        1,
        null,
        null,
        1,
        1,
        null,
        null,
        null,
        null,
        1,
        null,
        1,
        null,
        1,
        9,
        9,
        null,
        null,
        1,
        2,
        null,
        null,
        1,
        null,
        5,
        null,
        5,
        5,
        5,
        5,
        null,
        5,
        5,
        null,
        null,
        null,
        1,
        0,
        null,
        null,
        1,
        null,
        4,
        4,
        null,
        null,
        null,
        null,
        4,
        4,
        4,
        4,
        4,
        null,
        null,
        null,
        1,
        1,
        null,
        null,
        null,
        1,
        1,
        4,
        1,
        null,
        null,
        null,
        null,
        null,
        null
      ],
      "/Volumes/Data/Developer/_rails/api/datalab-api/spec/models/company_spec.rb": [
        1,
        null,
        1,
        null,
        1,
        10,
        10,
        null,
        null,
        null,
        1,
        1,
        1,
        null,
        null,
        1,
        1,
        null,
        null,
        1,
        1,
        null,
        null,
        1,
        1,
        2,
        null,
        null,
        null,
        null,
        1,
        null,
        1,
        1,
        null,
        null,
        1,
        1,
        null,
        null,
        1,
        1,
        null,
        null,
        null,
        null,
        null,
        1,
        null,
        1,
        1,
        null,
        null,
        1,
        1,
        null,
        null,
        1,
        1,
        1,
        null,
        null,
        null,
        null,
        null,
        null
      ],
      "/Volumes/Data/Developer/_rails/api/datalab-api/app/models/company.rb": [
        1,
        null,
        1,
        1,
        null,
        null
      ],
      "/Volumes/Data/Developer/_rails/api/datalab-api/spec/models/project_spec.rb": [
        1,
        null,
        1,
        null,
        1,
        8,
        8,
        null,
        null,
        null,
        1,
        1,
        1,
        null,
        null,
        1,
        1,
        null,
        null,
        null,
        null,
        1,
        null,
        1,
        1,
        null,
        null,
        1,
        1,
        null,
        null,
        null,
        null,
        1,
        null,
        1,
        1,
        null,
        null,
        1,
        1,
        null,
        null,
        1,
        1,
        null,
        null,
        1,
        1,
        1,
        null,
        null,
        null,
        null,
        null,
        null
      ],
      "/Volumes/Data/Developer/_rails/api/datalab-api/app/models/project.rb": [
        1,
        null,
        1,
        1,
        1,
        1,
        null,
        null
      ],
      "/Volumes/Data/Developer/_rails/api/datalab-api/spec/models/user_spec.rb": [
        null,
        null,
        null,
        null,
        null,
        null,
        null,
        null,
        null,
        null,
        null
      ]
    },
    "timestamp": 1454209863
  }
}
