{
  "RSpec": {
    "coverage": {
      "/Volumes/Data/Developer/_rails/api/datalab-api/spec/lib/timecode_spec.rb": [
        1,
        null,
        1,
        null,
        1,
        2,
        2,
        null,
        null,
        1,
        null,
        4,
        null,
        null,
        1,
        1,
        null,
        null,
        1,
        1,
        null,
        null,
        1,
        1,
        null,
        null,
        null,
        null,
        1,
        null,
        4,
        null,
        1,
        1,
        null,
        null,
        1,
        1,
        null,
        null,
        1,
        1,
        null,
        null,
        null,
        null,
        1,
        null,
        4,
        null,
        1,
        1,
        1,
        1,
        null,
        null,
        1,
        1,
        1,
        1,
        null,
        null,
        1,
        1,
        1,
        null,
        null,
        1,
        1,
        null,
        null,
        1,
        1,
        null,
        null,
        1,
        1,
        null,
        null,
        1,
        1,
        null,
        null,
        1,
        1,
        null,
        null,
        1,
        1,
        null,
        null,
        1,
        1,
        null,
        null,
        1,
        1,
        null,
        null,
        null,
        null,
        null,
        null,
        null,
        null,
        null,
        null,
        null,
        null,
        null,
        null
      ],
      "/Volumes/Data/Developer/_rails/api/datalab-api/lib/timecode.rb": [
        1,
        null,
        1,
        5,
        4,
        null,
        4,
        4,
        null,
        null,
        4,
        4,
        4,
        4,
        4,
        4,
        null,
        null,
        null,
        null,
        1,
        null,
        1,
        null,
        1,
        1,
        null,
        null,
        1,
        1,
        null,
        null,
        1,
        1,
        null,
        null,
        1,
        1,
        null,
        null,
        null,
        null,
        1,
        null,
        1,
        null,
        1,
        10,
        10,
        null,
        null,
        1,
        2,
        null,
        null,
        1,
        null,
        5,
        null,
        5,
        5,
        5,
        5,
        null,
        5,
        5,
        null,
        null,
        null,
        1,
        1,
        null,
        null,
        1,
        null,
        4,
        4,
        null,
        null,
        null,
        null,
        4,
        4,
        4,
        4,
        4,
        null,
        null,
        null,
        1,
        1,
        null,
        null,
        null,
        1,
        1,
        4,
        1,
        null,
        null,
        null,
        null,
        null,
        null
      ]
    },
    "timestamp": 1454210929
  }
}
